2025-04-15 00:07:03,514 [INFO] 日志记录初始化：日志文件 -> /Users/shenting/PycharmProjects/PythonProject/CodeSense/logs/2025-04-15.log
2025-04-15 00:07:03,514 [INFO] 加载全局配置文件：codesense_config.json
2025-04-15 00:07:03,516 [INFO] 文件列表已保存至 /Users/shenting/PycharmProjects/PythonProject/CodeSense/scan_results/CodeSense/project_files.txt
2025-04-15 00:27:54,524 [INFO] 日志记录初始化：日志文件 -> /Users/shenting/PycharmProjects/PythonProject/CodeSense/logs/2025-04-15.log
2025-04-15 00:27:54,525 [INFO] 加载全局配置文件：codesense_config.json
2025-04-15 00:27:54,526 [INFO] 文件列表已保存至 /Users/shenting/PycharmProjects/PythonProject/CodeSense/scan_results/CodeSense/project_files.txt
2025-04-15 00:37:34,698 [INFO] 日志记录初始化：日志文件 -> /Users/shenting/PycharmProjects/PythonProject/CodeSense/logs/2025-04-15.log
2025-04-15 00:37:34,698 [INFO] 加载全局配置文件：codesense_config.json
2025-04-15 00:37:34,699 [INFO] 文件列表已保存至 /Users/shenting/PycharmProjects/PythonProject/CodeSense/scan_results/CodeSense/project_files.txt
2025-04-15 00:45:25,176 [INFO] 日志记录初始化：日志文件 -> /Users/shenting/PycharmProjects/PythonProject/CodeSense/logs/2025-04-15.log
2025-04-15 00:45:25,177 [INFO] 加载全局配置文件：codesense_config.json
2025-04-15 00:45:25,177 [ERROR] 错误：提供的待扫描路径 OpenManus 不存在。
2025-04-15 00:48:20,767 [INFO] 日志记录初始化：日志文件 -> /Users/shenting/PycharmProjects/PythonProject/CodeSense/logs/2025-04-15.log
2025-04-15 00:48:20,767 [INFO] 加载全局配置文件：codesense_config.json
2025-04-15 00:48:20,777 [INFO] 文件列表已保存至 /Users/shenting/PycharmProjects/PythonProject/CodeSense/scan_results/OpenManus/project_files.txt
2025-04-15 00:51:36,698 [INFO] 日志记录初始化：日志文件 -> /Users/shenting/PycharmProjects/PythonProject/CodeSense/logs/2025-04-15.log
2025-04-15 00:51:36,698 [INFO] 加载全局配置文件：codesense_config.json
2025-04-15 00:51:36,707 [INFO] 文件列表已保存至 /Users/shenting/PycharmProjects/PythonProject/CodeSense/scan_results/OpenManus/project_files.txt
2025-04-15 01:01:44,339 [INFO] 日志记录初始化：日志文件 -> /Users/shenting/PycharmProjects/PythonProject/CodeSense/logs/2025-04-15.log
2025-04-15 01:01:44,340 [INFO] 加载全局配置文件：codesense_config.json
2025-04-15 01:01:44,349 [INFO] 文件列表已保存至 /Users/shenting/PycharmProjects/PythonProject/CodeSense/scan_results/OpenManus/project_files.txt
2025-04-15 01:03:36,471 [INFO] 日志记录初始化：日志文件 -> /Users/shenting/PycharmProjects/PythonProject/CodeSense/logs/2025-04-15.log
2025-04-15 01:03:36,472 [INFO] 加载全局配置文件：codesense_config.json
2025-04-15 01:03:36,475 [INFO] 文件列表已保存至 /Users/shenting/PycharmProjects/PythonProject/CodeSense/scan_results/OpenManus/project_files.txt
2025-04-15 01:09:07,291 [INFO] 日志记录初始化：日志文件 -> /Users/shenting/PycharmProjects/PythonProject/CodeSense/logs/2025-04-15.log
2025-04-15 01:09:07,292 [INFO] 加载全局配置文件：codesense_config.json
2025-04-15 01:09:07,300 [INFO] 文件列表已保存至 /Users/shenting/PycharmProjects/PythonProject/CodeSense/scan_results/OpenManus/project_files.txt
2025-04-15 01:18:24,118 [INFO] 日志记录初始化：日志文件 -> /Users/shenting/PycharmProjects/PythonProject/CodeSense/logs/2025-04-15.log
2025-04-15 01:18:24,118 [INFO] 加载全局配置文件：codesense_config.json
2025-04-15 01:18:24,127 [INFO] 文件列表已保存至 /Users/shenting/PycharmProjects/PythonProject/CodeSense/scan_results/OpenManus/project_files.txt
2025-04-15 01:20:43,981 [INFO] 日志记录初始化：日志文件 -> /Users/shenting/PycharmProjects/PythonProject/CodeSense/logs/2025-04-15.log
2025-04-15 01:20:43,982 [INFO] 加载全局配置文件：codesense_config.json
2025-04-15 01:20:43,992 [INFO] 文件列表已保存至 /Users/shenting/PycharmProjects/PythonProject/CodeSense/scan_results/OpenManus/project_files.txt
2025-04-15 01:24:14,474 [INFO] 日志记录初始化：日志文件 -> /Users/shenting/PycharmProjects/PythonProject/CodeSense/logs/2025-04-15.log
2025-04-15 01:24:14,475 [INFO] 加载全局配置文件：codesense_config.json
2025-04-15 01:24:14,484 [INFO] 文件列表已保存至 /Users/shenting/PycharmProjects/PythonProject/CodeSense/scan_results/OpenManus/project_files.txt
2025-04-15 01:33:13,438 [INFO] 日志记录初始化：日志文件 -> /Users/shenting/PycharmProjects/PythonProject/CodeSense/logs/2025-04-15.log
2025-04-15 01:33:13,438 [INFO] 加载全局配置文件：codesense_config.json
2025-04-15 01:33:13,447 [INFO] 成功合并已有的扫描结果
2025-04-15 01:33:13,449 [INFO] 保存扫描结果至 /Users/shenting/PycharmProjects/PythonProject/CodeSense/scan_results/OpenManus/project_structure.json
2025-04-15 01:33:13,449 [INFO] 文件列表已保存至 /Users/shenting/PycharmProjects/PythonProject/CodeSense/scan_results/OpenManus/project_files.txt
2025-04-15 02:09:31,591 [INFO] 日志记录初始化：日志文件 -> /Users/shenting/PycharmProjects/PythonProject/CodeSense/logs/2025-04-15.log
2025-04-15 02:09:31,591 [INFO] 加载全局配置文件：codesense_config.json
2025-04-15 02:09:31,600 [INFO] 成功合并已有的扫描结果
2025-04-15 02:09:31,602 [INFO] 保存扫描结果至 /Users/shenting/PycharmProjects/PythonProject/CodeSense/scan_results/OpenManus/project_structure.json
2025-04-15 02:09:31,603 [INFO] 文件列表已保存至 /Users/shenting/PycharmProjects/PythonProject/CodeSense/scan_results/OpenManus/project_files.txt
2025-04-15 02:16:11,257 [INFO] 日志记录初始化：日志文件 -> /Users/shenting/PycharmProjects/PythonProject/CodeSense/logs/2025-04-15.log
2025-04-15 02:16:11,258 [INFO] 加载全局配置文件：codesense_config.json
2025-04-15 02:16:11,266 [INFO] 成功合并已有的扫描结果
2025-04-15 02:16:11,269 [INFO] 保存扫描结果至 /Users/shenting/PycharmProjects/PythonProject/CodeSense/scan_results/OpenManus/project_structure.json
2025-04-15 02:16:11,269 [INFO] 文件列表已保存至 /Users/shenting/PycharmProjects/PythonProject/CodeSense/scan_results/OpenManus/project_files.txt
2025-04-15 02:19:31,981 [INFO] 日志记录初始化：日志文件 -> /Users/shenting/PycharmProjects/PythonProject/CodeSense/logs/2025-04-15.log
2025-04-15 02:19:31,981 [INFO] 加载全局配置文件：codesense_config.json
2025-04-15 02:19:31,982 [INFO] 保存扫描结果至 /Users/shenting/PycharmProjects/PythonProject/CodeSense/scan_results/CodeSense/project_structure.json
2025-04-15 02:19:31,983 [INFO] 文件列表已保存至 /Users/shenting/PycharmProjects/PythonProject/CodeSense/scan_results/CodeSense/project_files.txt
2025-04-15 02:31:59,141 [INFO] 日志记录初始化：日志文件 -> /Users/shenting/PycharmProjects/PythonProject/CodeSense/logs/2025-04-15.log
2025-04-15 02:31:59,142 [INFO] 加载全局配置文件：codesense_config.json
2025-04-15 02:31:59,143 [INFO] 成功合并已有的扫描结果
2025-04-15 02:31:59,143 [INFO] 保存扫描结果至 /Users/shenting/PycharmProjects/PythonProject/CodeSense/scan_results/CodeSense/project_structure.json
2025-04-15 02:31:59,143 [INFO] 文件列表已保存至 /Users/shenting/PycharmProjects/PythonProject/CodeSense/scan_results/CodeSense/project_files.txt
2025-04-15 02:35:32,400 [INFO] 日志记录初始化：日志文件 -> /Users/shenting/PycharmProjects/PythonProject/CodeSense/logs/2025-04-15.log
2025-04-15 02:35:32,400 [INFO] 加载全局配置文件：codesense_config.json
2025-04-15 02:35:32,401 [INFO] 成功合并已有的扫描结果
2025-04-15 02:35:32,401 [INFO] 保存扫描结果至 /Users/shenting/PycharmProjects/PythonProject/CodeSense/scan_results/CodeSense/project_structure.json
2025-04-15 02:35:32,401 [INFO] 文件列表已保存至 /Users/shenting/PycharmProjects/PythonProject/CodeSense/scan_results/CodeSense/project_files.txt
2025-04-15 03:40:25,145 [INFO] 日志记录初始化：日志文件 -> /Users/shenting/PycharmProjects/PythonProject/CodeSense/logs/2025-04-15.log
2025-04-15 03:40:25,145 [INFO] 加载全局配置文件：codesense_config.json
2025-04-15 03:40:25,160 [INFO] 保存扫描结果至 /Users/shenting/PycharmProjects/PythonProject/CodeSense/scan_results/yolov5/project_structure.json
2025-04-15 03:40:25,160 [INFO] 文件列表已保存至 /Users/shenting/PycharmProjects/PythonProject/CodeSense/scan_results/yolov5/project_files.txt
2025-04-15 03:41:03,959 [INFO] 日志记录初始化：日志文件 -> /Users/shenting/PycharmProjects/PythonProject/CodeSense/logs/2025-04-15.log
2025-04-15 03:41:03,959 [INFO] 加载全局配置文件：codesense_config.json
2025-04-15 03:41:03,970 [INFO] 成功合并已有的扫描结果
2025-04-15 03:41:03,972 [INFO] 保存扫描结果至 /Users/shenting/PycharmProjects/PythonProject/CodeSense/scan_results/yolov5/project_structure.json
2025-04-15 03:41:03,972 [INFO] 文件列表已保存至 /Users/shenting/PycharmProjects/PythonProject/CodeSense/scan_results/yolov5/project_files.txt
2025-04-15 03:41:28,779 [INFO] 日志记录初始化：日志文件 -> /Users/shenting/PycharmProjects/PythonProject/CodeSense/logs/2025-04-15.log
2025-04-15 03:41:28,779 [INFO] 加载全局配置文件：codesense_config.json
2025-04-15 03:41:28,783 [INFO] 成功合并已有的扫描结果
2025-04-15 03:41:28,784 [INFO] 保存扫描结果至 /Users/shenting/PycharmProjects/PythonProject/CodeSense/scan_results/yolov5/project_structure.json
2025-04-15 03:41:28,785 [INFO] 文件列表已保存至 /Users/shenting/PycharmProjects/PythonProject/CodeSense/scan_results/yolov5/project_files.txt
2025-04-15 03:44:48,471 [INFO] 日志记录初始化：日志文件 -> /Users/shenting/PycharmProjects/PythonProject/CodeSense/logs/2025-04-15.log
2025-04-15 03:44:48,471 [INFO] 加载全局配置文件：codesense_config.json
2025-04-15 03:44:48,478 [INFO] 成功合并已有的扫描结果
2025-04-15 03:44:48,480 [INFO] 保存扫描结果至 /Users/shenting/PycharmProjects/PythonProject/CodeSense/scan_results/yolov5/project_structure.json
2025-04-15 03:44:48,480 [INFO] 文件列表已保存至 /Users/shenting/PycharmProjects/PythonProject/CodeSense/scan_results/yolov5/project_files.txt
2025-04-15 03:45:19,725 [INFO] 日志记录初始化：日志文件 -> /Users/shenting/PycharmProjects/PythonProject/CodeSense/logs/2025-04-15.log
2025-04-15 03:45:19,725 [INFO] 加载全局配置文件：codesense_config.json
2025-04-15 03:45:19,733 [INFO] 成功合并已有的扫描结果
2025-04-15 03:45:19,738 [INFO] 保存扫描结果至 /Users/shenting/PycharmProjects/PythonProject/CodeSense/scan_results/yolov5/project_structure.json
2025-04-15 03:45:19,738 [INFO] 文件列表已保存至 /Users/shenting/PycharmProjects/PythonProject/CodeSense/scan_results/yolov5/project_files.txt
2025-04-15 03:51:25,774 [INFO] 日志记录初始化：日志文件 -> /Users/shenting/PycharmProjects/PythonProject/CodeSense/logs/2025-04-15.log
2025-04-15 03:51:25,774 [INFO] 加载全局配置文件：codesense_config.json
2025-04-15 03:51:25,778 [INFO] 成功合并已有的扫描结果
2025-04-15 03:51:25,780 [INFO] 保存扫描结果至 /Users/shenting/PycharmProjects/PythonProject/CodeSense/scan_results/yolov5/project_structure.json
2025-04-15 03:51:25,780 [INFO] 文件列表已保存至 /Users/shenting/PycharmProjects/PythonProject/CodeSense/scan_results/yolov5/project_files.txt
2025-04-15 03:51:50,828 [INFO] 日志记录初始化：日志文件 -> /Users/shenting/PycharmProjects/PythonProject/CodeSense/logs/2025-04-15.log
2025-04-15 03:51:50,828 [INFO] 加载全局配置文件：codesense_config.json
2025-04-15 03:51:50,831 [INFO] 成功合并已有的扫描结果
2025-04-15 03:51:50,833 [INFO] 保存扫描结果至 /Users/shenting/PycharmProjects/PythonProject/CodeSense/scan_results/yolov5/project_structure.json
2025-04-15 03:51:50,833 [INFO] 文件列表已保存至 /Users/shenting/PycharmProjects/PythonProject/CodeSense/scan_results/yolov5/project_files.txt
2025-04-15 04:08:02,768 [INFO] 日志记录初始化：日志文件 -> /Users/shenting/PycharmProjects/PythonProject/CodeSense/logs/2025-04-15.log
2025-04-15 04:08:02,769 [INFO] 加载全局配置文件：codesense_config.json
2025-04-15 04:08:03,393 [INFO] 保存扫描结果至 /Users/shenting/PycharmProjects/PythonProject/CodeSense/scan_results/dify/project_structure.json
2025-04-15 04:08:03,394 [INFO] 文件列表已保存至 /Users/shenting/PycharmProjects/PythonProject/CodeSense/scan_results/dify/project_files.txt
2025-04-15 10:14:58,549 [INFO] 日志记录初始化：日志文件 -> /Users/shenting/PycharmProjects/PythonProject/CodeSense/logs/2025-04-15.log
2025-04-15 10:14:58,550 [INFO] 加载全局配置文件：codesense_config.json
2025-04-15 10:14:58,566 [INFO] 成功合并已有的扫描结果
2025-04-15 10:14:58,570 [INFO] 保存扫描结果至 /Users/shenting/PycharmProjects/PythonProject/CodeSense/scan_results/yolov5/project_structure.json
2025-04-15 10:14:58,571 [INFO] 文件列表已保存至 /Users/shenting/PycharmProjects/PythonProject/CodeSense/scan_results/yolov5/project_files.txt
2025-04-15 10:16:16,043 [INFO] 日志记录初始化：日志文件 -> /Users/shenting/PycharmProjects/PythonProject/CodeSense/logs/2025-04-15.log
2025-04-15 10:16:16,043 [INFO] 加载全局配置文件：codesense_config.json
2025-04-15 10:16:16,690 [INFO] 成功合并已有的扫描结果
2025-04-15 10:16:16,763 [INFO] 保存扫描结果至 /Users/shenting/PycharmProjects/PythonProject/CodeSense/scan_results/dify/project_structure.json
2025-04-15 10:16:16,766 [INFO] 文件列表已保存至 /Users/shenting/PycharmProjects/PythonProject/CodeSense/scan_results/dify/project_files.txt
2025-04-15 10:26:16,966 [INFO] 日志记录初始化：日志文件 -> /Users/shenting/PycharmProjects/PythonProject/CodeSense/logs/2025-04-15.log
2025-04-15 10:26:16,967 [INFO] 加载全局配置文件：codesense_config.json
2025-04-15 10:26:16,982 [INFO] 成功合并已有的扫描结果
2025-04-15 10:26:16,986 [INFO] 保存扫描结果至 /Users/shenting/PycharmProjects/PythonProject/CodeSense/scan_results/yolov5/project_structure.json
2025-04-15 10:26:16,986 [INFO] 文件列表已保存至 /Users/shenting/PycharmProjects/PythonProject/CodeSense/scan_results/yolov5/project_files.txt
2025-04-15 10:27:02,394 [INFO] 日志记录初始化：日志文件 -> /Users/shenting/PycharmProjects/PythonProject/CodeSense/logs/2025-04-15.log
2025-04-15 10:27:02,395 [INFO] 加载全局配置文件：codesense_config.json
2025-04-15 10:27:02,915 [INFO] 成功合并已有的扫描结果
2025-04-15 10:27:02,984 [INFO] 保存扫描结果至 /Users/shenting/PycharmProjects/PythonProject/CodeSense/scan_results/dify/project_structure.json
2025-04-15 10:27:02,985 [INFO] 文件列表已保存至 /Users/shenting/PycharmProjects/PythonProject/CodeSense/scan_results/dify/project_files.txt
2025-04-15 10:33:32,632 [INFO] 日志记录初始化：日志文件 -> /Users/shenting/PycharmProjects/PythonProject/CodeSense/logs/2025-04-15.log
2025-04-15 10:33:32,632 [INFO] 加载全局配置文件：codesense_config.json
2025-04-15 10:33:32,647 [INFO] 成功合并已有的扫描结果
2025-04-15 10:33:32,651 [INFO] 保存扫描结果至 /Users/shenting/PycharmProjects/PythonProject/CodeSense/scan_results/yolov5/project_structure.json
2025-04-15 10:33:32,651 [INFO] 文件列表已保存至 /Users/shenting/PycharmProjects/PythonProject/CodeSense/scan_results/yolov5/project_files.txt
2025-04-15 10:33:42,839 [INFO] 日志记录初始化：日志文件 -> /Users/shenting/PycharmProjects/PythonProject/CodeSense/logs/2025-04-15.log
2025-04-15 10:33:42,840 [INFO] 加载全局配置文件：codesense_config.json
2025-04-15 10:33:43,363 [INFO] 成功合并已有的扫描结果
2025-04-15 10:33:43,436 [INFO] 保存扫描结果至 /Users/shenting/PycharmProjects/PythonProject/CodeSense/scan_results/dify/project_structure.json
2025-04-15 10:33:43,437 [INFO] 文件列表已保存至 /Users/shenting/PycharmProjects/PythonProject/CodeSense/scan_results/dify/project_files.txt
2025-04-15 10:38:01,517 [INFO] 日志记录初始化：日志文件 -> /Users/shenting/PycharmProjects/PythonProject/CodeSense/logs/2025-04-15.log
2025-04-15 10:38:01,517 [INFO] 加载全局配置文件：codesense_config.json
2025-04-15 10:38:01,533 [INFO] 成功合并已有的扫描结果
2025-04-15 10:38:01,536 [INFO] 保存扫描结果至 /Users/shenting/PycharmProjects/PythonProject/CodeSense/scan_results/yolov5/project_structure.json
2025-04-15 10:38:01,536 [INFO] 文件列表已保存至 /Users/shenting/PycharmProjects/PythonProject/CodeSense/scan_results/yolov5/project_files.txt
2025-04-15 10:38:43,203 [INFO] 日志记录初始化：日志文件 -> /Users/shenting/PycharmProjects/PythonProject/CodeSense/logs/2025-04-15.log
2025-04-15 10:38:43,204 [INFO] 加载全局配置文件：codesense_config.json
2025-04-15 10:38:47,325 [INFO] 保存扫描结果至 /Users/shenting/PycharmProjects/PythonProject/CodeSense/scan_results/tensorflow/project_structure.json
2025-04-15 10:38:47,330 [INFO] 文件列表已保存至 /Users/shenting/PycharmProjects/PythonProject/CodeSense/scan_results/tensorflow/project_files.txt
